{"name":"test002","id":"in.reqres.reqresinfo.ReqresCURDTestWithSteps:test002","testCaseName":"in.reqres.reqresinfo.ReqresCURDTestWithSteps","testSteps":[{"number":1,"description":"Getting the product information with ID : 816","duration":292,"startTime":"2022-06-07T19:20:05.585+01:00[Europe/London]","exception":{"errorType":"java.lang.AssertionError","message":"1 expectation failed.\nExpected status code \u003c200\u003e but was \u003c404\u003e.\n","stackTrace":[{"declaringClass":"io.restassured.internal.ResponseSpecificationImpl","methodName":"validateResponseIfRequired","fileName":"ResponseSpecificationImpl.groovy","lineNumber":636},{"declaringClass":"io.restassured.internal.ResponseSpecificationImpl","methodName":"statusCode","fileName":"ResponseSpecificationImpl.groovy","lineNumber":122},{"declaringClass":"io.restassured.internal.ResponseSpecificationImpl","methodName":"statusCode","fileName":"ResponseSpecificationImpl.groovy","lineNumber":130},{"declaringClass":"io.restassured.internal.ValidatableResponseOptionsImpl","methodName":"statusCode","fileName":"ValidatableResponseOptionsImpl.java","lineNumber":117},{"declaringClass":"in.reqres.reqresinfo.ReqresSteps","methodName":"getUserInfoByID","fileName":"ReqresSteps.java","lineNumber":33},{"declaringClass":"in.reqres.reqresinfo.ReqresCURDTestWithSteps","methodName":"test002","fileName":"ReqresCURDTestWithSteps.java","lineNumber":41}]},"result":"FAILURE","precondition":false,"children":[{"number":2,"description":"GET https://reqres.in/api/users/816\r\r","duration":0,"startTime":"2022-06-07T19:20:05.842+01:00[Europe/London]","result":"SUCCESS","restQuery":{"method":"GET","path":"https://reqres.in/api/users/816\r\r","content":"\r","contentType":"null","requestHeaders":"Accept\u003d*/*\r\r","requestCookies":"\r\r","responseHeaders":"Date: Tue, 07 Jun 2022 18:20:05 GMT\nContent-Type: application/json; charset\u003dutf-8\nContent-Length: 2\nConnection: keep-alive\nX-Powered-By: Express\nAccess-Control-Allow-Origin: *\nEtag: W/\"2-vyGp6PvFo4RvsFtPoIWeCReyIC8\"\nVia: 1.1 vegur\nCache-Control: max-age\u003d14400\nCF-Cache-Status: MISS\nExpect-CT: max-age\u003d604800, report-uri\u003d\"https://report-uri.cloudflare.com/cdn-cgi/beacon/expect-ct\"\nReport-To: {\"endpoints\":[{\"url\":\"https:\\/\\/a.nel.cloudflare.com\\/report\\/v3?s\u003d2W4izvTAkEHSnYX9BrDxAFNS1U5x0FtFfanCS7%2BsxhKGDUp1f%2F31uLdrevFDnznmS5PqDLGVUMuHTnIw4BRBfZwCZ%2FNHatohSh%2FbNSmeUuRqRRbqzT3xPDU8q9c%3D\"}],\"group\":\"cf-nel\",\"max_age\":604800}\nNEL: {\"success_fraction\":0,\"report_to\":\"cf-nel\",\"max_age\":604800}\nVary: Accept-Encoding\nServer: cloudflare\nCF-RAY: 717b6655e87072d2-LHR\nalt-svc: h3\u003d\":443\"; ma\u003d86400, h3-29\u003d\":443\"; ma\u003d86400\r","responseCookies":"\r","responseBody":"{\n    \n}","statusCode":404},"precondition":false}]}],"userStory":{"id":"in.reqres.reqresinfo.ReqresCURDTestWithSteps","storyName":"Reqres CURD test with steps","storyClassName":"in.reqres.reqresinfo.ReqresCURDTestWithSteps","path":"in.reqres.reqresinfo","type":"story"},"featureTag":{"name":"Reqresinfo/Reqres CURD test with steps","type":"story"},"title":"Verify if user was added to the list","tags":[{"name":"Reqresinfo/Reqres CURD test with steps","type":"story"}],"startTime":"2022-06-07T19:20:05.580+01:00[Europe/London]","duration":313,"testFailureCause":{"errorType":"java.lang.AssertionError","message":"1 expectation failed.\nExpected status code \u003c200\u003e but was \u003c404\u003e.\n","stackTrace":[{"declaringClass":"io.restassured.internal.ResponseSpecificationImpl","methodName":"validateResponseIfRequired","fileName":"ResponseSpecificationImpl.groovy","lineNumber":636},{"declaringClass":"io.restassured.internal.ResponseSpecificationImpl","methodName":"statusCode","fileName":"ResponseSpecificationImpl.groovy","lineNumber":122},{"declaringClass":"io.restassured.internal.ResponseSpecificationImpl","methodName":"statusCode","fileName":"ResponseSpecificationImpl.groovy","lineNumber":130},{"declaringClass":"io.restassured.internal.ValidatableResponseOptionsImpl","methodName":"statusCode","fileName":"ValidatableResponseOptionsImpl.java","lineNumber":117},{"declaringClass":"in.reqres.reqresinfo.ReqresSteps","methodName":"getUserInfoByID","fileName":"ReqresSteps.java","lineNumber":33},{"declaringClass":"in.reqres.reqresinfo.ReqresCURDTestWithSteps","methodName":"test002","fileName":"ReqresCURDTestWithSteps.java","lineNumber":41}]},"testFailureClassname":"java.lang.AssertionError","testFailureMessage":"1 expectation failed.\nExpected status code \u003c200\u003e but was \u003c404\u003e.\n","testFailureSummary":"FAILURE;java.lang.AssertionError;1 expectation failed.\nExpected status code \u003c200\u003e but was \u003c404\u003e.\n;ResponseSpecificationImpl.groovy","projectKey":"","annotatedResult":"FAILURE","manual":false,"testSource":"JUnit","result":"FAILURE"}